<?xml version="1.0" encoding="UTF-8"?>
<!-- Generated by org.testng.reporters.JUnitReportReporter -->
<testsuite hostname="DESKTOP-J9AEECA" failures="0" tests="3" name="com.agrilin.testscript.HomePageTest" time="66.067" errors="0" timestamp="2024-06-13T12:01:02 IST" skipped="0">
  <testcase classname="com.agrilin.testscript.HomePageTest" name="logInTest" time="31.910"/>
  <testcase classname="com.agrilin.testscript.HomePageTest" name="logInTest" time="15.168"/>
  <testcase classname="com.agrilin.testscript.HomePageTest" name="logInTest" time="18.989"/>
</testsuite> <!-- com.agrilin.testscript.HomePageTest -->
