<?xml version="1.0" encoding="UTF-8"?>
<!-- Generated by org.testng.reporters.JUnitReportReporter -->
<testsuite hostname="DESKTOP-J9AEECA" failures="0" tests="3" name="com.agrilin.testscript.HomePageTest" time="73.946" errors="0" timestamp="2024-06-12T10:55:13 IST" skipped="0">
  <testcase classname="com.agrilin.testscript.HomePageTest" name="logInTest" time="31.099"/>
  <testcase classname="com.agrilin.testscript.HomePageTest" name="logInTest" time="21.006"/>
  <testcase classname="com.agrilin.testscript.HomePageTest" name="logInTest" time="21.841"/>
</testsuite> <!-- com.agrilin.testscript.HomePageTest -->
