<?xml version="1.0" encoding="UTF-8"?>
<!-- Generated by org.testng.reporters.JUnitReportReporter -->
<testsuite hostname="DESKTOP-J9AEECA" failures="0" tests="3" name="com.agrilin.testscript.ValidLogIn" time="46.343" errors="0" timestamp="2024-06-12T10:55:13 IST" skipped="0">
  <testcase classname="com.agrilin.testscript.ValidLogIn" name="validLogIn" time="18.379"/>
  <testcase classname="com.agrilin.testscript.ValidLogIn" name="validLogIn" time="12.121"/>
  <testcase classname="com.agrilin.testscript.ValidLogIn" name="validLogIn" time="15.843"/>
</testsuite> <!-- com.agrilin.testscript.ValidLogIn -->
