<?xml version="1.0" encoding="UTF-8"?>
<!-- Generated by org.testng.reporters.JUnitReportReporter -->
<testsuite hostname="DESKTOP-J9AEECA" failures="0" tests="3" name="com.agrilin.testscript.ValidLogIn" time="48.394" errors="0" timestamp="2024-06-13T12:01:02 IST" skipped="0">
  <testcase classname="com.agrilin.testscript.ValidLogIn" name="validLogIn" time="17.647"/>
  <testcase classname="com.agrilin.testscript.ValidLogIn" name="validLogIn" time="14.893"/>
  <testcase classname="com.agrilin.testscript.ValidLogIn" name="validLogIn" time="15.854"/>
</testsuite> <!-- com.agrilin.testscript.ValidLogIn -->
