<?xml version="1.0" encoding="UTF-8"?>
<!-- Generated by org.testng.reporters.JUnitReportReporter -->
<testsuite hostname="DESKTOP-J9AEECA" failures="0" tests="3" name="com.agrilin.testscript.TrendingProductsTest" time="88.221" errors="0" timestamp="2024-06-13T12:01:02 IST" skipped="0">
  <testcase classname="com.agrilin.testscript.TrendingProductsTest" name="trendingProducts" time="35.996"/>
  <testcase classname="com.agrilin.testscript.TrendingProductsTest" name="trendingProducts" time="22.743"/>
  <testcase classname="com.agrilin.testscript.TrendingProductsTest" name="trendingProducts" time="29.482"/>
</testsuite> <!-- com.agrilin.testscript.TrendingProductsTest -->
