<?xml version="1.0" encoding="UTF-8"?>
<!-- Generated by org.testng.reporters.JUnitReportReporter -->
<testsuite hostname="DESKTOP-J9AEECA" failures="0" tests="3" name="com.agrilin.testscript.TrendingProductsTest" time="284.580" errors="0" timestamp="2024-06-12T10:55:13 IST" skipped="0">
  <testcase classname="com.agrilin.testscript.TrendingProductsTest" name="trendingProducts" time="35.087"/>
  <testcase classname="com.agrilin.testscript.TrendingProductsTest" name="trendingProducts" time="117.814"/>
  <testcase classname="com.agrilin.testscript.TrendingProductsTest" name="trendingProducts" time="131.679"/>
</testsuite> <!-- com.agrilin.testscript.TrendingProductsTest -->
