<?xml version="1.0" encoding="UTF-8"?>
<!-- Generated by org.testng.reporters.JUnitReportReporter -->
<testsuite hostname="DESKTOP-J9AEECA" failures="0" tests="3" name="com.agrilin.testscript.ValidLogIn" time="48.253" errors="0" timestamp="2024-06-02T10:59:58 IST" skipped="0">
  <testcase classname="com.agrilin.testscript.ValidLogIn" name="validLogIn" time="13.494"/>
  <testcase classname="com.agrilin.testscript.ValidLogIn" name="validLogIn" time="17.105"/>
  <testcase classname="com.agrilin.testscript.ValidLogIn" name="validLogIn" time="17.654"/>
</testsuite> <!-- com.agrilin.testscript.ValidLogIn -->
