<?xml version="1.0" encoding="UTF-8"?>
<!-- Generated by org.testng.reporters.JUnitReportReporter -->
<testsuite hostname="DESKTOP-OQI5NTL" failures="0" tests="1" name="com.agrilin.rough.DemoTest1" time="1.573" errors="0" timestamp="2024-05-19T14:08:58 IST" skipped="0">
  <testcase classname="com.agrilin.rough.DemoTest1" name="demoTest1" time="1.573"/>
</testsuite> <!-- com.agrilin.rough.DemoTest1 -->
