<?xml version="1.0" encoding="UTF-8"?>
<!-- Generated by org.testng.reporters.JUnitReportReporter -->
<testsuite hostname="DESKTOP-OQI5NTL" failures="0" tests="1" name="script.HomePageTest" time="3.620" errors="0" timestamp="2024-04-20T09:31:57 IST" skipped="0">
  <testcase classname="script.HomePageTest" name="closePopUps" time="3.620"/>
</testsuite> <!-- script.HomePageTest -->
