<?xml version="1.0" encoding="UTF-8"?>
<!-- Generated by org.testng.reporters.JUnitReportReporter -->
<testsuite hostname="DESKTOP-OQI5NTL" failures="0" tests="1" name="com.agrilin.generic.Sample" time="6.155" errors="0" timestamp="2024-04-23T09:41:26 IST" skipped="0">
  <testcase classname="com.agrilin.generic.Sample" name="openBrowser" time="6.155"/>
</testsuite> <!-- com.agrilin.generic.Sample -->
