<?xml version="1.0" encoding="UTF-8"?>
<!-- Generated by org.testng.reporters.JUnitReportReporter -->
<testsuite hostname="DESKTOP-J9AEECA" failures="0" tests="1" name="com.agrilin.rough.InvalidLoginDemo" time="18.967" errors="0" timestamp="2024-06-01T20:32:14 IST" skipped="0">
  <testcase classname="com.agrilin.rough.InvalidLoginDemo" name="invalidLogin" time="18.967"/>
</testsuite> <!-- com.agrilin.rough.InvalidLoginDemo -->
