<?xml version="1.0" encoding="UTF-8"?>
<!-- Generated by org.testng.reporters.JUnitReportReporter -->
<testsuite hostname="DESKTOP-J9AEECA" failures="0" tests="3" name="com.agrilin.testscript.HomePageTest" time="69.571" errors="0" timestamp="2024-06-02T10:59:58 IST" skipped="0">
  <testcase classname="com.agrilin.testscript.HomePageTest" name="logInTest" time="20.192"/>
  <testcase classname="com.agrilin.testscript.HomePageTest" name="logInTest" time="30.521"/>
  <testcase classname="com.agrilin.testscript.HomePageTest" name="logInTest" time="18.858"/>
</testsuite> <!-- com.agrilin.testscript.HomePageTest -->
