<?xml version="1.0" encoding="UTF-8"?>
<!-- Generated by org.testng.reporters.JUnitReportReporter -->
<testsuite hostname="DESKTOP-J9AEECA" failures="0" tests="3" name="com.agrilin.testscript.TrendingProductsTest" time="83.244" errors="0" timestamp="2024-06-02T10:59:58 IST" skipped="0">
  <testcase classname="com.agrilin.testscript.TrendingProductsTest" name="trendingProducts" time="26.040"/>
  <testcase classname="com.agrilin.testscript.TrendingProductsTest" name="trendingProducts" time="21.681"/>
  <testcase classname="com.agrilin.testscript.TrendingProductsTest" name="trendingProducts" time="35.523"/>
</testsuite> <!-- com.agrilin.testscript.TrendingProductsTest -->
