<?xml version="1.0" encoding="UTF-8"?>
<!-- Generated by org.testng.reporters.JUnitReportReporter -->
<testsuite hostname="DESKTOP-J9AEECA" failures="0" tests="2" name="com.agrilin.testscript.OrderStatisticsTest2" time="163.349" errors="0" timestamp="2024-06-01T11:18:05 IST" skipped="0">
  <testcase classname="com.agrilin.testscript.OrderStatisticsTest2" name="orderStatistics2" time="64.559"/>
  <testcase classname="com.agrilin.testscript.OrderStatisticsTest2" name="orderStatistics2" time="98.790"/>
</testsuite> <!-- com.agrilin.testscript.OrderStatisticsTest2 -->
