<?xml version="1.0" encoding="UTF-8"?>
<!-- Generated by org.testng.reporters.JUnitReportReporter -->
<testsuite hostname="DESKTOP-OQI5NTL" failures="0" tests="1" name="generic.Sample" time="5.638" errors="0" timestamp="2024-04-19T11:49:31 IST" skipped="0">
  <testcase classname="generic.Sample" name="openBrowser" time="5.638"/>
</testsuite> <!-- generic.Sample -->
