<?xml version="1.0" encoding="UTF-8"?>
<!-- Generated by org.testng.reporters.JUnitReportReporter -->
<testsuite hostname="DESKTOP-OQI5NTL" failures="0" tests="1" name="com.agrilin.rough.DemoTest4" time="1.963" errors="0" timestamp="2024-05-19T14:08:58 IST" skipped="0">
  <testcase classname="com.agrilin.rough.DemoTest4" name="demoTest4" time="1.963"/>
</testsuite> <!-- com.agrilin.rough.DemoTest4 -->
